Removed Pin From Net: NetName=AO2 Pin=P5-4
Removed Pin From Net: NetName=AO135 Pin=P6-4
Removed Pin From Net: NetName=SW1 Pin=R10-2
Removed Pin From Net: NetName=SW2 Pin=R11-2
Removed Member From Class: ClassName=室内环境检测系统 Member=R10
Removed Member From Class: ClassName=室内环境检测系统 Member=R11
Change component parameters: Designator = "C1"; Footprint = "R 0805_M"; UniqueID = "\SWBYDEMB"
Change component parameters. Clean all parameters for all variants
Change component parameters (AddParameter): Name = "BOM名称"; Value = "直插瓷片电容"; VariantName = "[No Variations]"
Change component parameters (AddParameter): Name = "学习资源"; Value = "www.ooocke.com"; VariantName = "[No Variations]"
Change component parameters (AddParameter): Name = "版权归属"; Value = "源创客"; VariantName = "[No Variations]"
Change component parameters: Designator = "C2"; Footprint = "R 0805_M"; UniqueID = "\GBIUGTAQ"
Change component parameters. Clean all parameters for all variants
Change component parameters (AddParameter): Name = "BOM名称"; Value = "直插瓷片电容"; VariantName = "[No Variations]"
Change component parameters (AddParameter): Name = "学习资源"; Value = "www.ooocke.com"; VariantName = "[No Variations]"
Change component parameters (AddParameter): Name = "版权归属"; Value = "源创客"; VariantName = "[No Variations]"
Change component parameters: Designator = "C3"; Footprint = "R 0805_M"; UniqueID = "\TCTHKNBE"
Change component parameters. Clean all parameters for all variants
Change component parameters (AddParameter): Name = "BOM名称"; Value = "直插瓷片电容"; VariantName = "[No Variations]"
Change component parameters (AddParameter): Name = "学习资源"; Value = "www.ooocke.com"; VariantName = "[No Variations]"
Change component parameters (AddParameter): Name = "版权归属"; Value = "源创客"; VariantName = "[No Variations]"
Change component parameters: Designator = "C4"; Footprint = "R 0805_M"; UniqueID = "\ONPHRMNH"
Change component parameters. Clean all parameters for all variants
Change component parameters (AddParameter): Name = "BOM名称"; Value = "直插瓷片电容"; VariantName = "[No Variations]"
Change component parameters (AddParameter): Name = "学习资源"; Value = "www.ooocke.com"; VariantName = "[No Variations]"
Change component parameters (AddParameter): Name = "版权归属"; Value = "源创客"; VariantName = "[No Variations]"
Change component parameters: Designator = "E1"; Footprint = "CAP 2.0*5*11 - BK"; UniqueID = "\MFTFGAVL"
Change component parameters. Clean all parameters for all variants
Change component parameters (AddParameter): Name = "BOM名称"; Value = "直插电解电容"; VariantName = "[No Variations]"
Change component parameters (AddParameter): Name = "学习资源"; Value = "www.ooocke.com"; VariantName = "[No Variations]"
Change component parameters (AddParameter): Name = "版权归属"; Value = "源创客"; VariantName = "[No Variations]"
Change component parameters: Designator = "LED1"; Footprint = "LED 0805R"; UniqueID = "\DVPDQTTH"
Change component parameters. Clean all parameters for all variants
Change component parameters (AddParameter): Name = "BOM名称"; Value = "贴片LED"; VariantName = "[No Variations]"
Change component parameters (AddParameter): Name = "学习资源"; Value = "www.ooocke.com"; VariantName = "[No Variations]"
Change component parameters (AddParameter): Name = "版权归属"; Value = "源创客"; VariantName = "[No Variations]"
Change component parameters: Designator = "LS1"; Footprint = "BEEP 5x9x5.5"; UniqueID = "\KLOVHIVL"
Change component parameters. Clean all parameters for all variants
Change component parameters (AddParameter): Name = "BOM名称"; Value = "蜂鸣器"; VariantName = "[No Variations]"
Change component parameters (AddParameter): Name = "学习资源"; Value = "www.ooocke.com"; VariantName = "[No Variations]"
Change component parameters (AddParameter): Name = "版权归属"; Value = "源创客"; VariantName = "[No Variations]"
Change component parameters: Designator = "OLED1"; Footprint = "HDR2.54-M-LI-4P"; UniqueID = "\QEZWLPDL"
Change component parameters. Clean all parameters for all variants
Change component parameters (AddParameter): Name = "BOM名称"; Value = "4P接插件"; VariantName = "[No Variations]"
Change component parameters (AddParameter): Name = "学习资源"; Value = "www.ooocke.com"; VariantName = "[No Variations]"
Change component parameters (AddParameter): Name = "版权归属"; Value = "源创客"; VariantName = "[No Variations]"
Change component parameters: Designator = "R1"; Footprint = "R 0805_M"; UniqueID = "\YINTUYLF"
Change component parameters. Clean all parameters for all variants
Change component parameters (AddParameter): Name = "BOM名称"; Value = "色环电阻"; VariantName = "[No Variations]"
Change component parameters (AddParameter): Name = "学习资源"; Value = "www.ooocke.com"; VariantName = "[No Variations]"
Change component parameters (AddParameter): Name = "版权归属"; Value = "源创客"; VariantName = "[No Variations]"
Change component parameters: Designator = "R2"; Footprint = "R 0805_M"; UniqueID = "\GHVTRNFQ"
Change component parameters. Clean all parameters for all variants
Change component parameters (AddParameter): Name = "BOM名称"; Value = "色环电阻"; VariantName = "[No Variations]"
Change component parameters (AddParameter): Name = "学习资源"; Value = "www.ooocke.com"; VariantName = "[No Variations]"
Change component parameters (AddParameter): Name = "版权归属"; Value = "源创客"; VariantName = "[No Variations]"
Change component parameters: Designator = "R3"; Footprint = "R 0805_M"; UniqueID = "\HRWGBBIU"
Change component parameters. Clean all parameters for all variants
Change component parameters (AddParameter): Name = "BOM名称"; Value = "色环电阻"; VariantName = "[No Variations]"
Change component parameters (AddParameter): Name = "学习资源"; Value = "www.ooocke.com"; VariantName = "[No Variations]"
Change component parameters (AddParameter): Name = "版权归属"; Value = "源创客"; VariantName = "[No Variations]"
Change component parameters: Designator = "R4"; Footprint = "R 0805_M"; UniqueID = "\HXAWSHIX"
Change component parameters. Clean all parameters for all variants
Change component parameters (AddParameter): Name = "BOM名称"; Value = "色环电阻"; VariantName = "[No Variations]"
Change component parameters (AddParameter): Name = "学习资源"; Value = "www.ooocke.com"; VariantName = "[No Variations]"
Change component parameters (AddParameter): Name = "版权归属"; Value = "源创客"; VariantName = "[No Variations]"
Change component parameters: Designator = "R12"; Footprint = "R 0805_M"; UniqueID = "\PGCOLGXN"
Change component parameters. Clean all parameters for all variants
Change component parameters (AddParameter): Name = "BOM名称"; Value = "色环电阻"; VariantName = "[No Variations]"
Change component parameters (AddParameter): Name = "学习资源"; Value = "www.ooocke.com"; VariantName = "[No Variations]"
Change component parameters (AddParameter): Name = "版权归属"; Value = "源创客"; VariantName = "[No Variations]"
Change component parameters: Designator = "SP1"; Footprint = "M3x4_L"; UniqueID = "\SHLHPTOC"
Change component parameters. Clean all parameters for all variants
Change component parameters (AddParameter): Name = "BOM名称"; Value = "铜柱"; VariantName = "[No Variations]"
Change component parameters (AddParameter): Name = "学习资源"; Value = "www.ooocke.com"; VariantName = "[No Variations]"
Change component parameters (AddParameter): Name = "版权归属"; Value = "源创客"; VariantName = "[No Variations]"
Change component parameters: Designator = "SP2"; Footprint = "M3x4_L"; UniqueID = "\JAIIKNRP"
Change component parameters. Clean all parameters for all variants
Change component parameters (AddParameter): Name = "BOM名称"; Value = "铜柱"; VariantName = "[No Variations]"
Change component parameters (AddParameter): Name = "学习资源"; Value = "www.ooocke.com"; VariantName = "[No Variations]"
Change component parameters (AddParameter): Name = "版权归属"; Value = "源创客"; VariantName = "[No Variations]"
Change component parameters: Designator = "SP3"; Footprint = "M3x4_L"; UniqueID = "\PKPKMHXS"
Change component parameters. Clean all parameters for all variants
Change component parameters (AddParameter): Name = "BOM名称"; Value = "铜柱"; VariantName = "[No Variations]"
Change component parameters (AddParameter): Name = "学习资源"; Value = "www.ooocke.com"; VariantName = "[No Variations]"
Change component parameters (AddParameter): Name = "版权归属"; Value = "源创客"; VariantName = "[No Variations]"
Change component parameters: Designator = "SP4"; Footprint = "M3x4_L"; UniqueID = "\APLTMQUA"
Change component parameters. Clean all parameters for all variants
Change component parameters (AddParameter): Name = "BOM名称"; Value = "铜柱"; VariantName = "[No Variations]"
Change component parameters (AddParameter): Name = "学习资源"; Value = "www.ooocke.com"; VariantName = "[No Variations]"
Change component parameters (AddParameter): Name = "版权归属"; Value = "源创客"; VariantName = "[No Variations]"
Change component parameters: Designator = "SW1"; Footprint = "CSW DIP-2P"; UniqueID = "\MPUHICGA"
Change component parameters. Clean all parameters for all variants
Change component parameters (AddParameter): Name = "BOM名称"; Value = "2路编码开关"; VariantName = "[No Variations]"
Change component parameters (AddParameter): Name = "学习资源"; Value = "www.ooocke.com"; VariantName = "[No Variations]"
Change component parameters (AddParameter): Name = "版权归属"; Value = "源创客"; VariantName = "[No Variations]"
Change component parameters: Designator = "Q1"; Footprint = "TO92A"; UniqueID = "\WXULRNEY"
Change component parameters. Clean all parameters for all variants
Change component parameters (AddParameter): Name = "BOM名称"; Value = "高频放大-NPN型"; VariantName = "[No Variations]"
Change component parameters (AddParameter): Name = "学习资源"; Value = "www.ooocke.com"; VariantName = "[No Variations]"
Change component parameters (AddParameter): Name = "属性"; Value = "40V 1.5A 1W 100MHZ"; VariantName = "[No Variations]"
Change component parameters (AddParameter): Name = "版权归属"; Value = "源创客"; VariantName = "[No Variations]"
Change component parameters: Designator = "Q2"; Footprint = "TO92A"; UniqueID = "\SVYUMGOE"
Change component parameters. Clean all parameters for all variants
Change component parameters (AddParameter): Name = "BOM名称"; Value = "高频放大-NPN型"; VariantName = "[No Variations]"
Change component parameters (AddParameter): Name = "学习资源"; Value = "www.ooocke.com"; VariantName = "[No Variations]"
Change component parameters (AddParameter): Name = "属性"; Value = "40V 1.5A 1W 100MHZ"; VariantName = "[No Variations]"
Change component parameters (AddParameter): Name = "版权归属"; Value = "源创客"; VariantName = "[No Variations]"
Added Component: Designator=R5(R 0805_M)
Add component. Clean all parameters for all variants
Add component (AddParameter): Name = "BOM名称"; Value = "色环电阻"; VariantName = "[No Variations]"
Add component (AddParameter): Name = "学习资源"; Value = "www.ooocke.com"; VariantName = "[No Variations]"
Add component (AddParameter): Name = "版权归属"; Value = "源创客"; VariantName = "[No Variations]"
Added Component: Designator=R6(R 0805_M)
Add component. Clean all parameters for all variants
Add component (AddParameter): Name = "BOM名称"; Value = "色环电阻"; VariantName = "[No Variations]"
Add component (AddParameter): Name = "学习资源"; Value = "www.ooocke.com"; VariantName = "[No Variations]"
Add component (AddParameter): Name = "版权归属"; Value = "源创客"; VariantName = "[No Variations]"
Added Component: Designator=R7(R 0805_M)
Add component. Clean all parameters for all variants
Add component (AddParameter): Name = "BOM名称"; Value = "色环电阻"; VariantName = "[No Variations]"
Add component (AddParameter): Name = "学习资源"; Value = "www.ooocke.com"; VariantName = "[No Variations]"
Add component (AddParameter): Name = "版权归属"; Value = "源创客"; VariantName = "[No Variations]"
Added Component: Designator=R8(R 0805_M)
Add component. Clean all parameters for all variants
Add component (AddParameter): Name = "BOM名称"; Value = "色环电阻"; VariantName = "[No Variations]"
Add component (AddParameter): Name = "学习资源"; Value = "www.ooocke.com"; VariantName = "[No Variations]"
Add component (AddParameter): Name = "版权归属"; Value = "源创客"; VariantName = "[No Variations]"
Added Pin To Net: NetName=AO2 Pin=R5-2
Added Pin To Net: NetName=AO135 Pin=R6-2
Added Pin To Net: NetName=AO2 Pin=R7-1
Added Pin To Net: NetName=GND Pin=R7-2
Added Pin To Net: NetName=AO135 Pin=R8-1
Added Pin To Net: NetName=GND Pin=R8-2
Added Pin To Net: NetName=SW2 Pin=SW1-3
Added Pin To Net: NetName=SW1 Pin=SW1-4
Added Pin To Net: NetName=NetP5_4 Pin=P5-4
Added Pin To Net: NetName=NetP5_4 Pin=R5-1
Added Net: Name=NetP5_4
Added Pin To Net: NetName=NetP6_4 Pin=P6-4
Added Pin To Net: NetName=NetP6_4 Pin=R6-1
Added Net: Name=NetP6_4
Added Member To Class: ClassName=室内环境检测系统 Member=Component R5 4.7K
Added Member To Class: ClassName=室内环境检测系统 Member=Component R6 4.7K
Added Member To Class: ClassName=室内环境检测系统 Member=Component R7 4.7K
Added Member To Class: ClassName=室内环境检测系统 Member=Component R8 4.7K
